<?xml version="1.0" encoding="UTF-8"?>
<!-- Generated by org.testng.reporters.JUnitReportReporter -->
<testsuite hostname="Ranas-MacBook-Air.local" failures="0" tests="1" name="test3sep2025.test3sep2025" time="9.683" errors="0" timestamp="2025-09-05T13:40:11 GMT-05:00" skipped="0">
  <testcase classname="test3sep2025.test3sep2025" name="test1" time="9.683"/>
</testsuite> <!-- test3sep2025.test3sep2025 -->
